{"/Users/elenakolesnikova/Documents/Reactprojects/kenguru/src/index.jsx": {"path":"/Users/elenakolesnikova/Documents/Reactprojects/kenguru/src/index.jsx","statementMap":{"0":{"start":{"line":18,"column":21},"end":{"line":18,"column":34}},"1":{"start":{"line":20,"column":13},"end":{"line":22,"column":1}},"2":{"start":{"line":23,"column":0},"end":{"line":44,"column":2}}},"fnMap":{},"branchMap":{},"s":{"0":0,"1":0,"2":0},"f":{},"b":{}}
,"/Users/elenakolesnikova/Documents/Reactprojects/kenguru/src/utils.js": {"path":"/Users/elenakolesnikova/Documents/Reactprojects/kenguru/src/utils.js","statementMap":{"0":{"start":{"line":3,"column":24},"end":{"line":3,"column":72}}},"fnMap":{},"branchMap":{},"s":{"0":1},"f":{},"b":{},"_coverageSchema":"1a1c01bbd47fc00a2c39e90264f33305004495a9","hash":"938850f7af1192a726fa8e7ce340280348401d3a"}
,"/Users/elenakolesnikova/Documents/Reactprojects/kenguru/src/AdminPanel/AdminPanel.jsx": {"path":"/Users/elenakolesnikova/Documents/Reactprojects/kenguru/src/AdminPanel/AdminPanel.jsx","statementMap":{},"fnMap":{},"branchMap":{},"s":{},"f":{},"b":{}}
,"/Users/elenakolesnikova/Documents/Reactprojects/kenguru/src/Context/Context.jsx": {"path":"/Users/elenakolesnikova/Documents/Reactprojects/kenguru/src/Context/Context.jsx","statementMap":{"0":{"start":{"line":7,"column":27},"end":{"line":7,"column":42}},"1":{"start":{"line":9,"column":21},"end":{"line":69,"column":1}},"2":{"start":{"line":10,"column":34},"end":{"line":10,"column":48}},"3":{"start":{"line":11,"column":28},"end":{"line":11,"column":42}},"4":{"start":{"line":13,"column":18},"end":{"line":21,"column":3}},"5":{"start":{"line":14,"column":4},"end":{"line":20,"column":7}},"6":{"start":{"line":23,"column":2},"end":{"line":35,"column":9}},"7":{"start":{"line":24,"column":23},"end":{"line":24,"column":54}},"8":{"start":{"line":26,"column":4},"end":{"line":34,"column":5}},"9":{"start":{"line":27,"column":6},"end":{"line":30,"column":9}},"10":{"start":{"line":28,"column":8},"end":{"line":28,"column":26}},"11":{"start":{"line":29,"column":8},"end":{"line":29,"column":29}},"12":{"start":{"line":33,"column":6},"end":{"line":33,"column":25}},"13":{"start":{"line":37,"column":16},"end":{"line":42,"column":3}},"14":{"start":{"line":38,"column":21},"end":{"line":38,"column":98}},"15":{"start":{"line":38,"column":89},"end":{"line":38,"column":97}},"16":{"start":{"line":39,"column":4},"end":{"line":41,"column":5}},"17":{"start":{"line":40,"column":6},"end":{"line":40,"column":32}},"18":{"start":{"line":44,"column":17},"end":{"line":49,"column":3}},"19":{"start":{"line":45,"column":21},"end":{"line":45,"column":133}},"20":{"start":{"line":45,"column":124},"end":{"line":45,"column":132}},"21":{"start":{"line":46,"column":4},"end":{"line":48,"column":5}},"22":{"start":{"line":47,"column":6},"end":{"line":47,"column":32}},"23":{"start":{"line":51,"column":20},"end":{"line":54,"column":3}},"24":{"start":{"line":52,"column":4},"end":{"line":52,"column":22}},"25":{"start":{"line":53,"column":4},"end":{"line":53,"column":43}},"26":{"start":{"line":56,"column":16},"end":{"line":61,"column":3}},"27":{"start":{"line":62,"column":2},"end":{"line":62,"column":24}},"28":{"start":{"line":64,"column":2},"end":{"line":68,"column":4}},"29":{"start":{"line":71,"column":0},"end":{"line":73,"column":2}}},"fnMap":{"0":{"name":"(anonymous_0)","decl":{"start":{"line":9,"column":21},"end":{"line":9,"column":22}},"loc":{"start":{"line":9,"column":37},"end":{"line":69,"column":1}},"line":9},"1":{"name":"(anonymous_1)","decl":{"start":{"line":13,"column":18},"end":{"line":13,"column":19}},"loc":{"start":{"line":13,"column":58},"end":{"line":21,"column":3}},"line":13},"2":{"name":"(anonymous_2)","decl":{"start":{"line":23,"column":12},"end":{"line":23,"column":13}},"loc":{"start":{"line":23,"column":18},"end":{"line":35,"column":3}},"line":23},"3":{"name":"(anonymous_3)","decl":{"start":{"line":27,"column":69},"end":{"line":27,"column":70}},"loc":{"start":{"line":27,"column":75},"end":{"line":30,"column":7}},"line":27},"4":{"name":"(anonymous_4)","decl":{"start":{"line":37,"column":16},"end":{"line":37,"column":17}},"loc":{"start":{"line":37,"column":47},"end":{"line":42,"column":3}},"line":37},"5":{"name":"(anonymous_5)","decl":{"start":{"line":38,"column":82},"end":{"line":38,"column":83}},"loc":{"start":{"line":38,"column":89},"end":{"line":38,"column":97}},"line":38},"6":{"name":"(anonymous_6)","decl":{"start":{"line":44,"column":17},"end":{"line":44,"column":18}},"loc":{"start":{"line":44,"column":82},"end":{"line":49,"column":3}},"line":44},"7":{"name":"(anonymous_7)","decl":{"start":{"line":45,"column":117},"end":{"line":45,"column":118}},"loc":{"start":{"line":45,"column":124},"end":{"line":45,"column":132}},"line":45},"8":{"name":"(anonymous_8)","decl":{"start":{"line":51,"column":20},"end":{"line":51,"column":21}},"loc":{"start":{"line":51,"column":31},"end":{"line":54,"column":3}},"line":51}},"branchMap":{"0":{"loc":{"start":{"line":26,"column":4},"end":{"line":34,"column":5}},"type":"if","locations":[{"start":{"line":26,"column":4},"end":{"line":34,"column":5}},{"start":{"line":32,"column":9},"end":{"line":34,"column":5}}],"line":26},"1":{"loc":{"start":{"line":39,"column":4},"end":{"line":41,"column":5}},"type":"if","locations":[{"start":{"line":39,"column":4},"end":{"line":41,"column":5}},{"start":{},"end":{}}],"line":39},"2":{"loc":{"start":{"line":46,"column":4},"end":{"line":48,"column":5}},"type":"if","locations":[{"start":{"line":46,"column":4},"end":{"line":48,"column":5}},{"start":{},"end":{}}],"line":46}},"s":{"0":1,"1":1,"2":2,"3":2,"4":2,"5":0,"6":2,"7":1,"8":1,"9":0,"10":0,"11":0,"12":1,"13":2,"14":0,"15":0,"16":0,"17":0,"18":2,"19":0,"20":0,"21":0,"22":0,"23":2,"24":0,"25":0,"26":2,"27":2,"28":2,"29":1},"f":{"0":2,"1":0,"2":1,"3":0,"4":0,"5":0,"6":0,"7":0,"8":0},"b":{"0":[0,1],"1":[0,0],"2":[0,0]},"_coverageSchema":"1a1c01bbd47fc00a2c39e90264f33305004495a9","hash":"dcb6a8824433cd22c34264367bf8d4998d4440a3"}
,"/Users/elenakolesnikova/Documents/Reactprojects/kenguru/src/Footer/Footer.jsx": {"path":"/Users/elenakolesnikova/Documents/Reactprojects/kenguru/src/Footer/Footer.jsx","statementMap":{"0":{"start":{"line":5,"column":21},"end":{"line":27,"column":1}},"1":{"start":{"line":7,"column":4},"end":{"line":16,"column":6}},"2":{"start":{"line":19,"column":2},"end":{"line":26,"column":4}}},"fnMap":{"0":{"name":"(anonymous_0)","decl":{"start":{"line":5,"column":21},"end":{"line":5,"column":22}},"loc":{"start":{"line":5,"column":27},"end":{"line":27,"column":1}},"line":5},"1":{"name":"Copyright","decl":{"start":{"line":6,"column":11},"end":{"line":6,"column":20}},"loc":{"start":{"line":6,"column":28},"end":{"line":17,"column":3}},"line":6}},"branchMap":{},"s":{"0":0,"1":0,"2":0},"f":{"0":0,"1":0},"b":{}}
,"/Users/elenakolesnikova/Documents/Reactprojects/kenguru/src/Header/Header.jsx": {"path":"/Users/elenakolesnikova/Documents/Reactprojects/kenguru/src/Header/Header.jsx","statementMap":{"0":{"start":{"line":20,"column":17},"end":{"line":33,"column":1}},"1":{"start":{"line":35,"column":15},"end":{"line":192,"column":1}},"2":{"start":{"line":37,"column":40},"end":{"line":37,"column":60}},"3":{"start":{"line":38,"column":42},"end":{"line":38,"column":62}},"4":{"start":{"line":40,"column":28},"end":{"line":42,"column":3}},"5":{"start":{"line":41,"column":4},"end":{"line":41,"column":40}},"6":{"start":{"line":43,"column":29},"end":{"line":45,"column":3}},"7":{"start":{"line":44,"column":4},"end":{"line":44,"column":41}},"8":{"start":{"line":47,"column":29},"end":{"line":49,"column":3}},"9":{"start":{"line":48,"column":4},"end":{"line":48,"column":25}},"10":{"start":{"line":51,"column":30},"end":{"line":53,"column":3}},"11":{"start":{"line":52,"column":4},"end":{"line":52,"column":26}},"12":{"start":{"line":55,"column":23},"end":{"line":55,"column":46}},"13":{"start":{"line":57,"column":16},"end":{"line":65,"column":3}},"14":{"start":{"line":67,"column":2},"end":{"line":191,"column":4}},"15":{"start":{"line":120,"column":16},"end":{"line":124,"column":27}},"16":{"start":{"line":148,"column":14},"end":{"line":155,"column":21}},"17":{"start":{"line":182,"column":18},"end":{"line":184,"column":29}}},"fnMap":{"0":{"name":"(anonymous_0)","decl":{"start":{"line":35,"column":15},"end":{"line":35,"column":16}},"loc":{"start":{"line":35,"column":21},"end":{"line":192,"column":1}},"line":35},"1":{"name":"(anonymous_1)","decl":{"start":{"line":40,"column":28},"end":{"line":40,"column":29}},"loc":{"start":{"line":40,"column":39},"end":{"line":42,"column":3}},"line":40},"2":{"name":"(anonymous_2)","decl":{"start":{"line":43,"column":29},"end":{"line":43,"column":30}},"loc":{"start":{"line":43,"column":40},"end":{"line":45,"column":3}},"line":43},"3":{"name":"(anonymous_3)","decl":{"start":{"line":47,"column":29},"end":{"line":47,"column":30}},"loc":{"start":{"line":47,"column":35},"end":{"line":49,"column":3}},"line":47},"4":{"name":"(anonymous_4)","decl":{"start":{"line":51,"column":30},"end":{"line":51,"column":31}},"loc":{"start":{"line":51,"column":36},"end":{"line":53,"column":3}},"line":51},"5":{"name":"(anonymous_5)","decl":{"start":{"line":119,"column":25},"end":{"line":119,"column":26}},"loc":{"start":{"line":120,"column":16},"end":{"line":124,"column":27}},"line":120},"6":{"name":"(anonymous_6)","decl":{"start":{"line":147,"column":23},"end":{"line":147,"column":24}},"loc":{"start":{"line":148,"column":14},"end":{"line":155,"column":21}},"line":148},"7":{"name":"(anonymous_7)","decl":{"start":{"line":181,"column":30},"end":{"line":181,"column":31}},"loc":{"start":{"line":182,"column":18},"end":{"line":184,"column":29}},"line":182}},"branchMap":{"0":{"loc":{"start":{"line":146,"column":11},"end":{"line":157,"column":16}},"type":"binary-expr","locations":[{"start":{"line":146,"column":11},"end":{"line":146,"column":20}},{"start":{"line":146,"column":24},"end":{"line":157,"column":16}}],"line":146},"1":{"loc":{"start":{"line":158,"column":11},"end":{"line":187,"column":18}},"type":"binary-expr","locations":[{"start":{"line":158,"column":11},"end":{"line":158,"column":19}},{"start":{"line":159,"column":12},"end":{"line":187,"column":18}}],"line":158}},"s":{"0":0,"1":0,"2":0,"3":0,"4":0,"5":0,"6":0,"7":0,"8":0,"9":0,"10":0,"11":0,"12":0,"13":0,"14":0,"15":0,"16":0,"17":0},"f":{"0":0,"1":0,"2":0,"3":0,"4":0,"5":0,"6":0,"7":0},"b":{"0":[0,0],"1":[0,0]}}
,"/Users/elenakolesnikova/Documents/Reactprojects/kenguru/src/NanniesList/NanniesList.jsx": {"path":"/Users/elenakolesnikova/Documents/Reactprojects/kenguru/src/NanniesList/NanniesList.jsx","statementMap":{"0":{"start":{"line":10,"column":13},"end":{"line":16,"column":3}},"1":{"start":{"line":10,"column":43},"end":{"line":16,"column":1}},"2":{"start":{"line":18,"column":23},"end":{"line":45,"column":1}},"3":{"start":{"line":20,"column":35},"end":{"line":20,"column":48}},"4":{"start":{"line":23,"column":16},"end":{"line":23,"column":20}},"5":{"start":{"line":25,"column":2},"end":{"line":29,"column":3}},"6":{"start":{"line":26,"column":4},"end":{"line":26,"column":59}},"7":{"start":{"line":28,"column":4},"end":{"line":28,"column":58}},"8":{"start":{"line":31,"column":22},"end":{"line":31,"column":89}},"9":{"start":{"line":31,"column":28},"end":{"line":31,"column":89}},"10":{"start":{"line":31,"column":71},"end":{"line":31,"column":88}},"11":{"start":{"line":33,"column":2},"end":{"line":35,"column":9}},"12":{"start":{"line":34,"column":4},"end":{"line":34,"column":18}},"13":{"start":{"line":37,"column":2},"end":{"line":44,"column":4}},"14":{"start":{"line":41,"column":35},"end":{"line":41,"column":125}}},"fnMap":{"0":{"name":"(anonymous_0)","decl":{"start":{"line":10,"column":27},"end":{"line":10,"column":28}},"loc":{"start":{"line":10,"column":43},"end":{"line":16,"column":1}},"line":10},"1":{"name":"(anonymous_1)","decl":{"start":{"line":18,"column":23},"end":{"line":18,"column":24}},"loc":{"start":{"line":18,"column":29},"end":{"line":45,"column":1}},"line":18},"2":{"name":"(anonymous_2)","decl":{"start":{"line":31,"column":22},"end":{"line":31,"column":23}},"loc":{"start":{"line":31,"column":28},"end":{"line":31,"column":89}},"line":31},"3":{"name":"(anonymous_3)","decl":{"start":{"line":31,"column":59},"end":{"line":31,"column":60}},"loc":{"start":{"line":31,"column":71},"end":{"line":31,"column":88}},"line":31},"4":{"name":"(anonymous_4)","decl":{"start":{"line":33,"column":13},"end":{"line":33,"column":14}},"loc":{"start":{"line":33,"column":19},"end":{"line":35,"column":3}},"line":33},"5":{"name":"(anonymous_5)","decl":{"start":{"line":41,"column":22},"end":{"line":41,"column":23}},"loc":{"start":{"line":41,"column":35},"end":{"line":41,"column":125}},"line":41}},"branchMap":{"0":{"loc":{"start":{"line":11,"column":19},"end":{"line":11,"column":69}},"type":"cond-expr","locations":[{"start":{"line":11,"column":51},"end":{"line":11,"column":60}},{"start":{"line":11,"column":63},"end":{"line":11,"column":69}}],"line":11},"1":{"loc":{"start":{"line":25,"column":2},"end":{"line":29,"column":3}},"type":"if","locations":[{"start":{"line":25,"column":2},"end":{"line":29,"column":3}},{"start":{"line":27,"column":9},"end":{"line":29,"column":3}}],"line":25}},"s":{"0":1,"1":0,"2":1,"3":3,"4":2,"5":2,"6":0,"7":2,"8":2,"9":1,"10":1,"11":2,"12":1,"13":2,"14":3},"f":{"0":0,"1":3,"2":1,"3":1,"4":1,"5":3},"b":{"0":[0,0],"1":[0,2]},"_coverageSchema":"1a1c01bbd47fc00a2c39e90264f33305004495a9","hash":"50a27cc148bc41d9a023678beb0f8a9ca15939f6"}
,"/Users/elenakolesnikova/Documents/Reactprojects/kenguru/src/NannyCard/NannyCard.jsx": {"path":"/Users/elenakolesnikova/Documents/Reactprojects/kenguru/src/NannyCard/NannyCard.jsx","statementMap":{"0":{"start":{"line":11,"column":24},"end":{"line":38,"column":1}},"1":{"start":{"line":12,"column":19},"end":{"line":12,"column":32}},"2":{"start":{"line":14,"column":17},"end":{"line":16,"column":3}},"3":{"start":{"line":18,"column":2},"end":{"line":37,"column":4}},"4":{"start":{"line":27,"column":33},"end":{"line":29,"column":23}},"5":{"start":{"line":33,"column":46},"end":{"line":33,"column":64}}},"fnMap":{"0":{"name":"(anonymous_0)","decl":{"start":{"line":11,"column":24},"end":{"line":11,"column":25}},"loc":{"start":{"line":11,"column":52},"end":{"line":38,"column":1}},"line":11},"1":{"name":"(anonymous_1)","decl":{"start":{"line":27,"column":22},"end":{"line":27,"column":23}},"loc":{"start":{"line":27,"column":33},"end":{"line":29,"column":23}},"line":27},"2":{"name":"(anonymous_2)","decl":{"start":{"line":33,"column":40},"end":{"line":33,"column":41}},"loc":{"start":{"line":33,"column":46},"end":{"line":33,"column":64}},"line":33}},"branchMap":{},"s":{"0":1,"1":3,"2":3,"3":3,"4":6,"5":0},"f":{"0":3,"1":6,"2":0},"b":{},"_coverageSchema":"1a1c01bbd47fc00a2c39e90264f33305004495a9","hash":"2857faf49e89bb53545cf63cb5eebbe3d56b6b26"}
,"/Users/elenakolesnikova/Documents/Reactprojects/kenguru/src/NannyDetails/NannyDetails.jsx": {"path":"/Users/elenakolesnikova/Documents/Reactprojects/kenguru/src/NannyDetails/NannyDetails.jsx","statementMap":{"0":{"start":{"line":13,"column":27},"end":{"line":33,"column":1}},"1":{"start":{"line":15,"column":17},"end":{"line":15,"column":28}},"2":{"start":{"line":16,"column":33},"end":{"line":16,"column":45}},"3":{"start":{"line":18,"column":28},"end":{"line":18,"column":100}},"4":{"start":{"line":18,"column":34},"end":{"line":18,"column":100}},"5":{"start":{"line":18,"column":83},"end":{"line":18,"column":99}},"6":{"start":{"line":20,"column":2},"end":{"line":22,"column":9}},"7":{"start":{"line":21,"column":4},"end":{"line":21,"column":24}},"8":{"start":{"line":24,"column":2},"end":{"line":24,"column":34}},"9":{"start":{"line":25,"column":2},"end":{"line":25,"column":24}},"10":{"start":{"line":27,"column":2},"end":{"line":32,"column":4}}},"fnMap":{"0":{"name":"(anonymous_0)","decl":{"start":{"line":13,"column":27},"end":{"line":13,"column":28}},"loc":{"start":{"line":13,"column":33},"end":{"line":33,"column":1}},"line":13},"1":{"name":"(anonymous_1)","decl":{"start":{"line":18,"column":28},"end":{"line":18,"column":29}},"loc":{"start":{"line":18,"column":34},"end":{"line":18,"column":100}},"line":18},"2":{"name":"(anonymous_2)","decl":{"start":{"line":18,"column":71},"end":{"line":18,"column":72}},"loc":{"start":{"line":18,"column":83},"end":{"line":18,"column":99}},"line":18},"3":{"name":"(anonymous_3)","decl":{"start":{"line":20,"column":13},"end":{"line":20,"column":14}},"loc":{"start":{"line":20,"column":19},"end":{"line":22,"column":3}},"line":20}},"branchMap":{},"s":{"0":0,"1":0,"2":0,"3":0,"4":0,"5":0,"6":0,"7":0,"8":0,"9":0,"10":0},"f":{"0":0,"1":0,"2":0,"3":0},"b":{}}
,"/Users/elenakolesnikova/Documents/Reactprojects/kenguru/src/Profile/Profile.jsx": {"path":"/Users/elenakolesnikova/Documents/Reactprojects/kenguru/src/Profile/Profile.jsx","statementMap":{"0":{"start":{"line":19,"column":17},"end":{"line":19,"column":65}},"1":{"start":{"line":21,"column":23},"end":{"line":98,"column":1}},"2":{"start":{"line":23,"column":19},"end":{"line":23,"column":32}},"3":{"start":{"line":24,"column":35},"end":{"line":24,"column":58}},"4":{"start":{"line":25,"column":2},"end":{"line":25,"column":57}},"5":{"start":{"line":26,"column":46},"end":{"line":26,"column":60}},"6":{"start":{"line":28,"column":23},"end":{"line":37,"column":3}},"7":{"start":{"line":30,"column":4},"end":{"line":30,"column":27}},"8":{"start":{"line":31,"column":17},"end":{"line":31,"column":50}},"9":{"start":{"line":32,"column":4},"end":{"line":32,"column":35}},"10":{"start":{"line":33,"column":4},"end":{"line":33,"column":48}},"11":{"start":{"line":34,"column":27},"end":{"line":34,"column":66}},"12":{"start":{"line":35,"column":4},"end":{"line":35,"column":44}},"13":{"start":{"line":44,"column":2},"end":{"line":46,"column":9}},"14":{"start":{"line":45,"column":27},"end":{"line":45,"column":102}},"15":{"start":{"line":45,"column":78},"end":{"line":45,"column":101}},"16":{"start":{"line":48,"column":2},"end":{"line":97,"column":4}}},"fnMap":{"0":{"name":"(anonymous_0)","decl":{"start":{"line":21,"column":23},"end":{"line":21,"column":24}},"loc":{"start":{"line":21,"column":29},"end":{"line":98,"column":1}},"line":21},"1":{"name":"(anonymous_1)","decl":{"start":{"line":28,"column":23},"end":{"line":28,"column":24}},"loc":{"start":{"line":28,"column":40},"end":{"line":37,"column":3}},"line":28},"2":{"name":"(anonymous_2)","decl":{"start":{"line":44,"column":12},"end":{"line":44,"column":13}},"loc":{"start":{"line":44,"column":18},"end":{"line":46,"column":3}},"line":44},"3":{"name":"(anonymous_3)","decl":{"start":{"line":45,"column":66},"end":{"line":45,"column":67}},"loc":{"start":{"line":45,"column":78},"end":{"line":45,"column":101}},"line":45}},"branchMap":{},"s":{"0":0,"1":0,"2":0,"3":0,"4":0,"5":0,"6":0,"7":0,"8":0,"9":0,"10":0,"11":0,"12":0,"13":0,"14":0,"15":0,"16":0},"f":{"0":0,"1":0,"2":0,"3":0},"b":{}}
,"/Users/elenakolesnikova/Documents/Reactprojects/kenguru/src/SelectSignUp/SelectSignUp.js": {"path":"/Users/elenakolesnikova/Documents/Reactprojects/kenguru/src/SelectSignUp/SelectSignUp.js","statementMap":{"0":{"start":{"line":19,"column":27},"end":{"line":221,"column":1}},"1":{"start":{"line":22,"column":4},"end":{"line":31,"column":6}},"2":{"start":{"line":34,"column":16},"end":{"line":72,"column":3}},"3":{"start":{"line":74,"column":23},"end":{"line":74,"column":36}},"4":{"start":{"line":77,"column":2},"end":{"line":220,"column":4}},"5":{"start":{"line":85,"column":39},"end":{"line":85,"column":75}},"6":{"start":{"line":144,"column":12},"end":{"line":202,"column":19}},"7":{"start":{"line":162,"column":22},"end":{"line":164,"column":49}},"8":{"start":{"line":185,"column":22},"end":{"line":192,"column":35}},"9":{"start":{"line":211,"column":32},"end":{"line":211,"column":68}}},"fnMap":{"0":{"name":"(anonymous_0)","decl":{"start":{"line":19,"column":27},"end":{"line":19,"column":28}},"loc":{"start":{"line":19,"column":33},"end":{"line":221,"column":1}},"line":19},"1":{"name":"Copyright","decl":{"start":{"line":21,"column":11},"end":{"line":21,"column":20}},"loc":{"start":{"line":21,"column":28},"end":{"line":32,"column":3}},"line":21},"2":{"name":"(anonymous_2)","decl":{"start":{"line":85,"column":28},"end":{"line":85,"column":29}},"loc":{"start":{"line":85,"column":39},"end":{"line":85,"column":75}},"line":85},"3":{"name":"(anonymous_3)","decl":{"start":{"line":142,"column":21},"end":{"line":142,"column":22}},"loc":{"start":{"line":144,"column":12},"end":{"line":202,"column":19}},"line":144},"4":{"name":"(anonymous_4)","decl":{"start":{"line":161,"column":37},"end":{"line":161,"column":38}},"loc":{"start":{"line":162,"column":22},"end":{"line":164,"column":49}},"line":162},"5":{"name":"(anonymous_5)","decl":{"start":{"line":184,"column":42},"end":{"line":184,"column":43}},"loc":{"start":{"line":185,"column":22},"end":{"line":192,"column":35}},"line":185},"6":{"name":"(anonymous_6)","decl":{"start":{"line":211,"column":21},"end":{"line":211,"column":22}},"loc":{"start":{"line":211,"column":32},"end":{"line":211,"column":68}},"line":211}},"branchMap":{"0":{"loc":{"start":{"line":148,"column":18},"end":{"line":148,"column":54}},"type":"cond-expr","locations":[{"start":{"line":148,"column":48},"end":{"line":148,"column":50}},{"start":{"line":148,"column":53},"end":{"line":148,"column":54}}],"line":148},"1":{"loc":{"start":{"line":156,"column":26},"end":{"line":156,"column":68}},"type":"cond-expr","locations":[{"start":{"line":156,"column":49},"end":{"line":156,"column":61}},{"start":{"line":156,"column":64},"end":{"line":156,"column":68}}],"line":156},"2":{"loc":{"start":{"line":162,"column":22},"end":{"line":164,"column":49}},"type":"cond-expr","locations":[{"start":{"line":163,"column":26},"end":{"line":163,"column":49}},{"start":{"line":164,"column":26},"end":{"line":164,"column":49}}],"line":162}},"s":{"0":0,"1":0,"2":0,"3":0,"4":0,"5":0,"6":0,"7":0,"8":0,"9":0},"f":{"0":0,"1":0,"2":0,"3":0,"4":0,"5":0,"6":0},"b":{"0":[0,0],"1":[0,0],"2":[0,0]}}
,"/Users/elenakolesnikova/Documents/Reactprojects/kenguru/src/SignIn/SignIn.jsx": {"path":"/Users/elenakolesnikova/Documents/Reactprojects/kenguru/src/SignIn/SignIn.jsx","statementMap":{"0":{"start":{"line":19,"column":2},"end":{"line":28,"column":4}},"1":{"start":{"line":33,"column":21},"end":{"line":33,"column":34}},"2":{"start":{"line":35,"column":22},"end":{"line":117,"column":1}},"3":{"start":{"line":36,"column":19},"end":{"line":36,"column":32}},"4":{"start":{"line":37,"column":28},"end":{"line":37,"column":51}},"5":{"start":{"line":39,"column":23},"end":{"line":44,"column":3}},"6":{"start":{"line":40,"column":4},"end":{"line":40,"column":27}},"7":{"start":{"line":41,"column":17},"end":{"line":41,"column":50}},"8":{"start":{"line":42,"column":4},"end":{"line":42,"column":38}},"9":{"start":{"line":43,"column":4},"end":{"line":43,"column":148}},"10":{"start":{"line":43,"column":81},"end":{"line":43,"column":94}},"11":{"start":{"line":43,"column":113},"end":{"line":43,"column":146}},"12":{"start":{"line":46,"column":2},"end":{"line":50,"column":17}},"13":{"start":{"line":47,"column":4},"end":{"line":49,"column":5}},"14":{"start":{"line":48,"column":6},"end":{"line":48,"column":20}},"15":{"start":{"line":52,"column":2},"end":{"line":116,"column":4}}},"fnMap":{"0":{"name":"Copyright","decl":{"start":{"line":18,"column":9},"end":{"line":18,"column":18}},"loc":{"start":{"line":18,"column":26},"end":{"line":29,"column":1}},"line":18},"1":{"name":"(anonymous_1)","decl":{"start":{"line":35,"column":22},"end":{"line":35,"column":23}},"loc":{"start":{"line":35,"column":28},"end":{"line":117,"column":1}},"line":35},"2":{"name":"(anonymous_2)","decl":{"start":{"line":39,"column":23},"end":{"line":39,"column":24}},"loc":{"start":{"line":39,"column":40},"end":{"line":44,"column":3}},"line":39},"3":{"name":"(anonymous_3)","decl":{"start":{"line":43,"column":75},"end":{"line":43,"column":76}},"loc":{"start":{"line":43,"column":81},"end":{"line":43,"column":94}},"line":43},"4":{"name":"(anonymous_4)","decl":{"start":{"line":43,"column":102},"end":{"line":43,"column":103}},"loc":{"start":{"line":43,"column":113},"end":{"line":43,"column":146}},"line":43},"5":{"name":"(anonymous_5)","decl":{"start":{"line":46,"column":12},"end":{"line":46,"column":13}},"loc":{"start":{"line":46,"column":18},"end":{"line":50,"column":3}},"line":46},"6":{"name":"(anonymous_6)","decl":{"start":{"line":81,"column":28},"end":{"line":81,"column":29}},"loc":{"start":{"line":81,"column":40},"end":{"line":81,"column":42}},"line":81}},"branchMap":{"0":{"loc":{"start":{"line":47,"column":4},"end":{"line":49,"column":5}},"type":"if","locations":[{"start":{"line":47,"column":4},"end":{"line":49,"column":5}},{"start":{},"end":{}}],"line":47}},"s":{"0":0,"1":1,"2":1,"3":0,"4":0,"5":0,"6":0,"7":0,"8":0,"9":0,"10":0,"11":0,"12":0,"13":0,"14":0,"15":0},"f":{"0":0,"1":0,"2":0,"3":0,"4":0,"5":0,"6":0},"b":{"0":[0,0]},"_coverageSchema":"1a1c01bbd47fc00a2c39e90264f33305004495a9","hash":"256dc28d481f27850679b6089e6cadecd78fac75"}
,"/Users/elenakolesnikova/Documents/Reactprojects/kenguru/src/SignUp/FirstStep.jsx": {"path":"/Users/elenakolesnikova/Documents/Reactprojects/kenguru/src/SignUp/FirstStep.jsx","statementMap":{"0":{"start":{"line":17,"column":31},"end":{"line":159,"column":1}},"1":{"start":{"line":19,"column":34},"end":{"line":19,"column":46}},"2":{"start":{"line":20,"column":32},"end":{"line":20,"column":42}},"3":{"start":{"line":21,"column":26},"end":{"line":21,"column":38}},"4":{"start":{"line":22,"column":36},"end":{"line":22,"column":51}},"5":{"start":{"line":23,"column":30},"end":{"line":23,"column":42}},"6":{"start":{"line":25,"column":25},"end":{"line":33,"column":3}},"7":{"start":{"line":26,"column":28},"end":{"line":26,"column":36}},"8":{"start":{"line":27,"column":4},"end":{"line":27,"column":26}},"9":{"start":{"line":29,"column":4},"end":{"line":32,"column":7}},"10":{"start":{"line":35,"column":2},"end":{"line":35,"column":32}},"11":{"start":{"line":37,"column":27},"end":{"line":44,"column":3}},"12":{"start":{"line":38,"column":4},"end":{"line":38,"column":28}},"13":{"start":{"line":39,"column":4},"end":{"line":43,"column":5}},"14":{"start":{"line":40,"column":6},"end":{"line":40,"column":26}},"15":{"start":{"line":42,"column":6},"end":{"line":42,"column":25}},"16":{"start":{"line":46,"column":25},"end":{"line":50,"column":3}},"17":{"start":{"line":52,"column":30},"end":{"line":54,"column":3}},"18":{"start":{"line":53,"column":4},"end":{"line":53,"column":35}},"19":{"start":{"line":56,"column":2},"end":{"line":56,"column":23}},"20":{"start":{"line":58,"column":2},"end":{"line":158,"column":4}},"21":{"start":{"line":75,"column":46},"end":{"line":75,"column":68}},"22":{"start":{"line":86,"column":35},"end":{"line":86,"column":52}},"23":{"start":{"line":88,"column":59},"end":{"line":88,"column":117}},"24":{"start":{"line":98,"column":33},"end":{"line":98,"column":50}},"25":{"start":{"line":112,"column":33},"end":{"line":112,"column":50}},"26":{"start":{"line":123,"column":33},"end":{"line":123,"column":50}},"27":{"start":{"line":135,"column":33},"end":{"line":135,"column":50}}},"fnMap":{"0":{"name":"(anonymous_0)","decl":{"start":{"line":17,"column":31},"end":{"line":17,"column":32}},"loc":{"start":{"line":17,"column":47},"end":{"line":159,"column":1}},"line":17},"1":{"name":"(anonymous_1)","decl":{"start":{"line":25,"column":25},"end":{"line":25,"column":26}},"loc":{"start":{"line":25,"column":32},"end":{"line":33,"column":3}},"line":25},"2":{"name":"(anonymous_2)","decl":{"start":{"line":37,"column":27},"end":{"line":37,"column":28}},"loc":{"start":{"line":37,"column":32},"end":{"line":44,"column":3}},"line":37},"3":{"name":"(anonymous_3)","decl":{"start":{"line":52,"column":30},"end":{"line":52,"column":31}},"loc":{"start":{"line":52,"column":41},"end":{"line":54,"column":3}},"line":52},"4":{"name":"(anonymous_4)","decl":{"start":{"line":75,"column":40},"end":{"line":75,"column":41}},"loc":{"start":{"line":75,"column":46},"end":{"line":75,"column":68}},"line":75},"5":{"name":"(anonymous_5)","decl":{"start":{"line":86,"column":28},"end":{"line":86,"column":29}},"loc":{"start":{"line":86,"column":35},"end":{"line":86,"column":52}},"line":86},"6":{"name":"(anonymous_6)","decl":{"start":{"line":88,"column":38},"end":{"line":88,"column":39}},"loc":{"start":{"line":88,"column":59},"end":{"line":88,"column":117}},"line":88},"7":{"name":"(anonymous_7)","decl":{"start":{"line":98,"column":26},"end":{"line":98,"column":27}},"loc":{"start":{"line":98,"column":33},"end":{"line":98,"column":50}},"line":98},"8":{"name":"(anonymous_8)","decl":{"start":{"line":112,"column":26},"end":{"line":112,"column":27}},"loc":{"start":{"line":112,"column":33},"end":{"line":112,"column":50}},"line":112},"9":{"name":"(anonymous_9)","decl":{"start":{"line":123,"column":26},"end":{"line":123,"column":27}},"loc":{"start":{"line":123,"column":33},"end":{"line":123,"column":50}},"line":123},"10":{"name":"(anonymous_10)","decl":{"start":{"line":135,"column":26},"end":{"line":135,"column":27}},"loc":{"start":{"line":135,"column":33},"end":{"line":135,"column":50}},"line":135}},"branchMap":{"0":{"loc":{"start":{"line":39,"column":4},"end":{"line":43,"column":5}},"type":"if","locations":[{"start":{"line":39,"column":4},"end":{"line":43,"column":5}},{"start":{"line":41,"column":11},"end":{"line":43,"column":5}}],"line":39},"1":{"loc":{"start":{"line":101,"column":18},"end":{"line":101,"column":59}},"type":"cond-expr","locations":[{"start":{"line":101,"column":30},"end":{"line":101,"column":54}},{"start":{"line":101,"column":57},"end":{"line":101,"column":59}}],"line":101}},"s":{"0":0,"1":0,"2":0,"3":0,"4":0,"5":0,"6":0,"7":0,"8":0,"9":0,"10":0,"11":0,"12":0,"13":0,"14":0,"15":0,"16":0,"17":0,"18":0,"19":0,"20":0,"21":0,"22":0,"23":0,"24":0,"25":0,"26":0,"27":0},"f":{"0":0,"1":0,"2":0,"3":0,"4":0,"5":0,"6":0,"7":0,"8":0,"9":0,"10":0},"b":{"0":[0,0],"1":[0,0]}}
,"/Users/elenakolesnikova/Documents/Reactprojects/kenguru/src/SignUp/SecondStep.jsx": {"path":"/Users/elenakolesnikova/Documents/Reactprojects/kenguru/src/SignUp/SecondStep.jsx","statementMap":{"0":{"start":{"line":17,"column":32},"end":{"line":53,"column":1}},"1":{"start":{"line":19,"column":34},"end":{"line":19,"column":58}},"2":{"start":{"line":21,"column":2},"end":{"line":52,"column":4}},"3":{"start":{"line":38,"column":57},"end":{"line":38,"column":81}},"4":{"start":{"line":43,"column":108},"end":{"line":43,"column":142}},"5":{"start":{"line":44,"column":107},"end":{"line":44,"column":142}}},"fnMap":{"0":{"name":"(anonymous_0)","decl":{"start":{"line":17,"column":32},"end":{"line":17,"column":33}},"loc":{"start":{"line":17,"column":48},"end":{"line":53,"column":1}},"line":17},"1":{"name":"(anonymous_1)","decl":{"start":{"line":38,"column":51},"end":{"line":38,"column":52}},"loc":{"start":{"line":38,"column":57},"end":{"line":38,"column":81}},"line":38},"2":{"name":"(anonymous_2)","decl":{"start":{"line":43,"column":101},"end":{"line":43,"column":102}},"loc":{"start":{"line":43,"column":108},"end":{"line":43,"column":142}},"line":43},"3":{"name":"(anonymous_3)","decl":{"start":{"line":44,"column":101},"end":{"line":44,"column":102}},"loc":{"start":{"line":44,"column":107},"end":{"line":44,"column":142}},"line":44}},"branchMap":{},"s":{"0":0,"1":0,"2":0,"3":0,"4":0,"5":0},"f":{"0":0,"1":0,"2":0,"3":0},"b":{}}
,"/Users/elenakolesnikova/Documents/Reactprojects/kenguru/src/SignUp/SignUp.jsx": {"path":"/Users/elenakolesnikova/Documents/Reactprojects/kenguru/src/SignUp/SignUp.jsx","statementMap":{"0":{"start":{"line":12,"column":22},"end":{"line":77,"column":1}},"1":{"start":{"line":14,"column":19},"end":{"line":14,"column":42}},"2":{"start":{"line":16,"column":40},"end":{"line":16,"column":51}},"3":{"start":{"line":17,"column":34},"end":{"line":17,"column":48}},"4":{"start":{"line":18,"column":44},"end":{"line":18,"column":56}},"5":{"start":{"line":19,"column":46},"end":{"line":19,"column":58}},"6":{"start":{"line":21,"column":23},"end":{"line":41,"column":3}},"7":{"start":{"line":28,"column":4},"end":{"line":30,"column":5}},"8":{"start":{"line":29,"column":6},"end":{"line":29,"column":29}},"9":{"start":{"line":31,"column":4},"end":{"line":33,"column":5}},"10":{"start":{"line":32,"column":6},"end":{"line":32,"column":30}},"11":{"start":{"line":37,"column":4},"end":{"line":37,"column":29}},"12":{"start":{"line":38,"column":4},"end":{"line":40,"column":5}},"13":{"start":{"line":39,"column":6},"end":{"line":39,"column":21}},"14":{"start":{"line":43,"column":2},"end":{"line":43,"column":41}},"15":{"start":{"line":45,"column":23},"end":{"line":51,"column":3}},"16":{"start":{"line":49,"column":4},"end":{"line":49,"column":219}},"17":{"start":{"line":53,"column":23},"end":{"line":53,"column":36}},"18":{"start":{"line":55,"column":2},"end":{"line":76,"column":4}}},"fnMap":{"0":{"name":"(anonymous_0)","decl":{"start":{"line":12,"column":22},"end":{"line":12,"column":23}},"loc":{"start":{"line":12,"column":28},"end":{"line":77,"column":1}},"line":12},"1":{"name":"(anonymous_1)","decl":{"start":{"line":21,"column":23},"end":{"line":21,"column":24}},"loc":{"start":{"line":21,"column":56},"end":{"line":41,"column":3}},"line":21},"2":{"name":"(anonymous_2)","decl":{"start":{"line":45,"column":23},"end":{"line":45,"column":24}},"loc":{"start":{"line":45,"column":29},"end":{"line":51,"column":3}},"line":45}},"branchMap":{"0":{"loc":{"start":{"line":28,"column":4},"end":{"line":30,"column":5}},"type":"if","locations":[{"start":{"line":28,"column":4},"end":{"line":30,"column":5}},{"start":{},"end":{}}],"line":28},"1":{"loc":{"start":{"line":31,"column":4},"end":{"line":33,"column":5}},"type":"if","locations":[{"start":{"line":31,"column":4},"end":{"line":33,"column":5}},{"start":{},"end":{}}],"line":31},"2":{"loc":{"start":{"line":38,"column":4},"end":{"line":40,"column":5}},"type":"if","locations":[{"start":{"line":38,"column":4},"end":{"line":40,"column":5}},{"start":{},"end":{}}],"line":38},"3":{"loc":{"start":{"line":68,"column":13},"end":{"line":68,"column":76}},"type":"binary-expr","locations":[{"start":{"line":68,"column":13},"end":{"line":68,"column":30}},{"start":{"line":68,"column":34},"end":{"line":68,"column":76}}],"line":68},"4":{"loc":{"start":{"line":69,"column":13},"end":{"line":69,"column":77}},"type":"binary-expr","locations":[{"start":{"line":69,"column":13},"end":{"line":69,"column":30}},{"start":{"line":69,"column":34},"end":{"line":69,"column":77}}],"line":69},"5":{"loc":{"start":{"line":70,"column":13},"end":{"line":70,"column":116}},"type":"binary-expr","locations":[{"start":{"line":70,"column":13},"end":{"line":70,"column":30}},{"start":{"line":70,"column":34},"end":{"line":70,"column":70}},{"start":{"line":70,"column":74},"end":{"line":70,"column":116}}],"line":70},"6":{"loc":{"start":{"line":71,"column":13},"end":{"line":71,"column":123}},"type":"binary-expr","locations":[{"start":{"line":71,"column":13},"end":{"line":71,"column":30}},{"start":{"line":71,"column":34},"end":{"line":71,"column":71}},{"start":{"line":71,"column":75},"end":{"line":71,"column":123}}],"line":71}},"s":{"0":0,"1":0,"2":0,"3":0,"4":0,"5":0,"6":0,"7":0,"8":0,"9":0,"10":0,"11":0,"12":0,"13":0,"14":0,"15":0,"16":0,"17":0,"18":0},"f":{"0":0,"1":0,"2":0},"b":{"0":[0,0],"1":[0,0],"2":[0,0],"3":[0,0],"4":[0,0],"5":[0,0,0],"6":[0,0,0]}}
,"/Users/elenakolesnikova/Documents/Reactprojects/kenguru/src/SignUp/ThirdStep.jsx": {"path":"/Users/elenakolesnikova/Documents/Reactprojects/kenguru/src/SignUp/ThirdStep.jsx","statementMap":{"0":{"start":{"line":20,"column":31},"end":{"line":95,"column":1}},"1":{"start":{"line":22,"column":34},"end":{"line":22,"column":46}},"2":{"start":{"line":23,"column":32},"end":{"line":23,"column":42}},"3":{"start":{"line":25,"column":19},"end":{"line":25,"column":42}},"4":{"start":{"line":27,"column":23},"end":{"line":33,"column":3}},"5":{"start":{"line":28,"column":4},"end":{"line":28,"column":27}},"6":{"start":{"line":29,"column":17},"end":{"line":29,"column":50}},"7":{"start":{"line":31,"column":4},"end":{"line":31,"column":203}},"8":{"start":{"line":32,"column":4},"end":{"line":32,"column":217}},"9":{"start":{"line":35,"column":25},"end":{"line":39,"column":3}},"10":{"start":{"line":41,"column":31},"end":{"line":43,"column":3}},"11":{"start":{"line":42,"column":4},"end":{"line":42,"column":36}},"12":{"start":{"line":45,"column":30},"end":{"line":47,"column":3}},"13":{"start":{"line":46,"column":4},"end":{"line":46,"column":35}},"14":{"start":{"line":49,"column":2},"end":{"line":49,"column":24}},"15":{"start":{"line":51,"column":2},"end":{"line":94,"column":4}},"16":{"start":{"line":68,"column":62},"end":{"line":68,"column":86}}},"fnMap":{"0":{"name":"(anonymous_0)","decl":{"start":{"line":20,"column":31},"end":{"line":20,"column":32}},"loc":{"start":{"line":20,"column":47},"end":{"line":95,"column":1}},"line":20},"1":{"name":"(anonymous_1)","decl":{"start":{"line":27,"column":23},"end":{"line":27,"column":24}},"loc":{"start":{"line":27,"column":34},"end":{"line":33,"column":3}},"line":27},"2":{"name":"(anonymous_2)","decl":{"start":{"line":41,"column":31},"end":{"line":41,"column":32}},"loc":{"start":{"line":41,"column":48},"end":{"line":43,"column":3}},"line":41},"3":{"name":"(anonymous_3)","decl":{"start":{"line":45,"column":30},"end":{"line":45,"column":31}},"loc":{"start":{"line":45,"column":41},"end":{"line":47,"column":3}},"line":45},"4":{"name":"(anonymous_4)","decl":{"start":{"line":68,"column":51},"end":{"line":68,"column":52}},"loc":{"start":{"line":68,"column":62},"end":{"line":68,"column":86}},"line":68}},"branchMap":{},"s":{"0":0,"1":0,"2":0,"3":0,"4":0,"5":0,"6":0,"7":0,"8":0,"9":0,"10":0,"11":0,"12":0,"13":0,"14":0,"15":0,"16":0},"f":{"0":0,"1":0,"2":0,"3":0,"4":0},"b":{}}
,"/Users/elenakolesnikova/Documents/Reactprojects/kenguru/src/SignUp/ThirdStepParent.jsx": {"path":"/Users/elenakolesnikova/Documents/Reactprojects/kenguru/src/SignUp/ThirdStepParent.jsx","statementMap":{"0":{"start":{"line":20,"column":37},"end":{"line":95,"column":1}},"1":{"start":{"line":22,"column":34},"end":{"line":22,"column":46}},"2":{"start":{"line":23,"column":32},"end":{"line":23,"column":42}},"3":{"start":{"line":25,"column":19},"end":{"line":25,"column":42}},"4":{"start":{"line":27,"column":23},"end":{"line":33,"column":3}},"5":{"start":{"line":28,"column":4},"end":{"line":28,"column":27}},"6":{"start":{"line":29,"column":17},"end":{"line":29,"column":50}},"7":{"start":{"line":31,"column":4},"end":{"line":31,"column":203}},"8":{"start":{"line":32,"column":4},"end":{"line":32,"column":217}},"9":{"start":{"line":35,"column":25},"end":{"line":39,"column":3}},"10":{"start":{"line":41,"column":31},"end":{"line":43,"column":3}},"11":{"start":{"line":42,"column":4},"end":{"line":42,"column":36}},"12":{"start":{"line":45,"column":30},"end":{"line":47,"column":3}},"13":{"start":{"line":46,"column":4},"end":{"line":46,"column":35}},"14":{"start":{"line":49,"column":2},"end":{"line":49,"column":24}},"15":{"start":{"line":51,"column":2},"end":{"line":94,"column":4}},"16":{"start":{"line":68,"column":62},"end":{"line":68,"column":86}}},"fnMap":{"0":{"name":"(anonymous_0)","decl":{"start":{"line":20,"column":37},"end":{"line":20,"column":38}},"loc":{"start":{"line":20,"column":53},"end":{"line":95,"column":1}},"line":20},"1":{"name":"(anonymous_1)","decl":{"start":{"line":27,"column":23},"end":{"line":27,"column":24}},"loc":{"start":{"line":27,"column":34},"end":{"line":33,"column":3}},"line":27},"2":{"name":"(anonymous_2)","decl":{"start":{"line":41,"column":31},"end":{"line":41,"column":32}},"loc":{"start":{"line":41,"column":48},"end":{"line":43,"column":3}},"line":41},"3":{"name":"(anonymous_3)","decl":{"start":{"line":45,"column":30},"end":{"line":45,"column":31}},"loc":{"start":{"line":45,"column":41},"end":{"line":47,"column":3}},"line":45},"4":{"name":"(anonymous_4)","decl":{"start":{"line":68,"column":51},"end":{"line":68,"column":52}},"loc":{"start":{"line":68,"column":62},"end":{"line":68,"column":86}},"line":68}},"branchMap":{},"s":{"0":0,"1":0,"2":0,"3":0,"4":0,"5":0,"6":0,"7":0,"8":0,"9":0,"10":0,"11":0,"12":0,"13":0,"14":0,"15":0,"16":0},"f":{"0":0,"1":0,"2":0,"3":0,"4":0},"b":{}}
,"/Users/elenakolesnikova/Documents/Reactprojects/kenguru/src/VerifyCode/VerifyCode.jsx": {"path":"/Users/elenakolesnikova/Documents/Reactprojects/kenguru/src/VerifyCode/VerifyCode.jsx","statementMap":{"0":{"start":{"line":5,"column":19},"end":{"line":19,"column":1}},"1":{"start":{"line":6,"column":19},"end":{"line":6,"column":30}},"2":{"start":{"line":7,"column":19},"end":{"line":7,"column":32}},"3":{"start":{"line":8,"column":32},"end":{"line":8,"column":46}},"4":{"start":{"line":10,"column":2},"end":{"line":15,"column":9}},"5":{"start":{"line":11,"column":4},"end":{"line":14,"column":5}},"6":{"start":{"line":12,"column":6},"end":{"line":12,"column":23}},"7":{"start":{"line":13,"column":6},"end":{"line":13,"column":96}},"8":{"start":{"line":13,"column":77},"end":{"line":13,"column":94}},"9":{"start":{"line":16,"column":2},"end":{"line":18,"column":27}}},"fnMap":{"0":{"name":"(anonymous_0)","decl":{"start":{"line":5,"column":19},"end":{"line":5,"column":20}},"loc":{"start":{"line":5,"column":25},"end":{"line":19,"column":1}},"line":5},"1":{"name":"(anonymous_1)","decl":{"start":{"line":10,"column":12},"end":{"line":10,"column":13}},"loc":{"start":{"line":10,"column":18},"end":{"line":15,"column":3}},"line":10},"2":{"name":"(anonymous_2)","decl":{"start":{"line":13,"column":71},"end":{"line":13,"column":72}},"loc":{"start":{"line":13,"column":77},"end":{"line":13,"column":94}},"line":13}},"branchMap":{"0":{"loc":{"start":{"line":11,"column":4},"end":{"line":14,"column":5}},"type":"if","locations":[{"start":{"line":11,"column":4},"end":{"line":14,"column":5}},{"start":{},"end":{}}],"line":11},"1":{"loc":{"start":{"line":16,"column":9},"end":{"line":18,"column":26}},"type":"cond-expr","locations":[{"start":{"line":16,"column":21},"end":{"line":18,"column":8}},{"start":{"line":18,"column":12},"end":{"line":18,"column":26}}],"line":16}},"s":{"0":0,"1":0,"2":0,"3":0,"4":0,"5":0,"6":0,"7":0,"8":0,"9":0},"f":{"0":0,"1":0,"2":0},"b":{"0":[0,0],"1":[0,0]}}
,"/Users/elenakolesnikova/Documents/Reactprojects/kenguru/src/components/ChooseLanguage.jsx": {"path":"/Users/elenakolesnikova/Documents/Reactprojects/kenguru/src/components/ChooseLanguage.jsx","statementMap":{"0":{"start":{"line":6,"column":30},"end":{"line":14,"column":1}},"1":{"start":{"line":7,"column":2},"end":{"line":13,"column":4}}},"fnMap":{"0":{"name":"(anonymous_0)","decl":{"start":{"line":6,"column":30},"end":{"line":6,"column":31}},"loc":{"start":{"line":6,"column":36},"end":{"line":14,"column":1}},"line":6}},"branchMap":{},"s":{"0":0,"1":0},"f":{"0":0},"b":{}}
,"/Users/elenakolesnikova/Documents/Reactprojects/kenguru/src/components/DatePicker.jsx": {"path":"/Users/elenakolesnikova/Documents/Reactprojects/kenguru/src/components/DatePicker.jsx","statementMap":{"0":{"start":{"line":10,"column":16},"end":{"line":20,"column":2}},"1":{"start":{"line":24,"column":4},"end":{"line":26,"column":11}},"2":{"start":{"line":29,"column":2},"end":{"line":43,"column":3}},"3":{"start":{"line":30,"column":4},"end":{"line":42,"column":6}},"4":{"start":{"line":45,"column":2},"end":{"line":45,"column":17}},"5":{"start":{"line":48,"column":35},"end":{"line":62,"column":1}},"6":{"start":{"line":49,"column":2},"end":{"line":61,"column":4}}},"fnMap":{"0":{"name":"Label","decl":{"start":{"line":22,"column":9},"end":{"line":22,"column":14}},"loc":{"start":{"line":22,"column":56},"end":{"line":46,"column":1}},"line":22},"1":{"name":"(anonymous_1)","decl":{"start":{"line":48,"column":35},"end":{"line":48,"column":36}},"loc":{"start":{"line":48,"column":41},"end":{"line":62,"column":1}},"line":48}},"branchMap":{"0":{"loc":{"start":{"line":29,"column":2},"end":{"line":43,"column":3}},"type":"if","locations":[{"start":{"line":29,"column":2},"end":{"line":43,"column":3}},{"start":{},"end":{}}],"line":29}},"s":{"0":0,"1":0,"2":0,"3":0,"4":0,"5":0,"6":0},"f":{"0":0,"1":0},"b":{"0":[0,0]}}
,"/Users/elenakolesnikova/Documents/Reactprojects/kenguru/src/tests/utils.js": {"path":"/Users/elenakolesnikova/Documents/Reactprojects/kenguru/src/tests/utils.js","statementMap":{"0":{"start":{"line":12,"column":21},"end":{"line":12,"column":34}},"1":{"start":{"line":14,"column":21},"end":{"line":30,"column":1}},"2":{"start":{"line":15,"column":18},"end":{"line":25,"column":3}},"3":{"start":{"line":16,"column":4},"end":{"line":24,"column":19}},"4":{"start":{"line":27,"column":2},"end":{"line":29,"column":5}},"5":{"start":{"line":32,"column":31},"end":{"line":36,"column":1}},"6":{"start":{"line":33,"column":6},"end":{"line":35,"column":22}}},"fnMap":{"0":{"name":"(anonymous_0)","decl":{"start":{"line":14,"column":21},"end":{"line":14,"column":22}},"loc":{"start":{"line":14,"column":29},"end":{"line":30,"column":1}},"line":14},"1":{"name":"(anonymous_1)","decl":{"start":{"line":15,"column":18},"end":{"line":15,"column":19}},"loc":{"start":{"line":16,"column":4},"end":{"line":24,"column":19}},"line":16},"2":{"name":"(anonymous_2)","decl":{"start":{"line":32,"column":31},"end":{"line":32,"column":32}},"loc":{"start":{"line":33,"column":6},"end":{"line":35,"column":22}},"line":33}},"branchMap":{},"s":{"0":1,"1":1,"2":1,"3":1,"4":1,"5":1,"6":0},"f":{"0":1,"1":1,"2":0},"b":{},"_coverageSchema":"1a1c01bbd47fc00a2c39e90264f33305004495a9","hash":"edfbba02e7270b1be03fce7e0c7ef4995847b883"}
,"/Users/elenakolesnikova/Documents/Reactprojects/kenguru/src/tests/mock-server/index.js": {"path":"/Users/elenakolesnikova/Documents/Reactprojects/kenguru/src/tests/mock-server/index.js","statementMap":{"0":{"start":{"line":5,"column":27},"end":{"line":17,"column":1}},"1":{"start":{"line":6,"column":17},"end":{"line":6,"column":41}},"2":{"start":{"line":8,"column":2},"end":{"line":10,"column":5}},"3":{"start":{"line":9,"column":4},"end":{"line":9,"column":20}},"4":{"start":{"line":11,"column":2},"end":{"line":13,"column":5}},"5":{"start":{"line":12,"column":4},"end":{"line":12,"column":27}},"6":{"start":{"line":14,"column":2},"end":{"line":14,"column":33}},"7":{"start":{"line":14,"column":17},"end":{"line":14,"column":31}},"8":{"start":{"line":16,"column":2},"end":{"line":16,"column":20}}},"fnMap":{"0":{"name":"(anonymous_0)","decl":{"start":{"line":5,"column":27},"end":{"line":5,"column":28}},"loc":{"start":{"line":5,"column":33},"end":{"line":17,"column":1}},"line":5},"1":{"name":"(anonymous_1)","decl":{"start":{"line":8,"column":13},"end":{"line":8,"column":14}},"loc":{"start":{"line":8,"column":19},"end":{"line":10,"column":3}},"line":8},"2":{"name":"(anonymous_2)","decl":{"start":{"line":11,"column":12},"end":{"line":11,"column":13}},"loc":{"start":{"line":11,"column":18},"end":{"line":13,"column":3}},"line":11},"3":{"name":"(anonymous_3)","decl":{"start":{"line":14,"column":11},"end":{"line":14,"column":12}},"loc":{"start":{"line":14,"column":17},"end":{"line":14,"column":31}},"line":14}},"branchMap":{},"s":{"0":1,"1":1,"2":1,"3":1,"4":1,"5":1,"6":1,"7":1,"8":1},"f":{"0":1,"1":1,"2":1,"3":1},"b":{},"_coverageSchema":"1a1c01bbd47fc00a2c39e90264f33305004495a9","hash":"bb50489a9fd3ed4e5329ff54900acd3c09b1515d"}
,"/Users/elenakolesnikova/Documents/Reactprojects/kenguru/src/tests/mock-server/handlers/index.js": {"path":"/Users/elenakolesnikova/Documents/Reactprojects/kenguru/src/tests/mock-server/handlers/index.js","statementMap":{},"fnMap":{},"branchMap":{},"s":{},"f":{},"b":{},"_coverageSchema":"1a1c01bbd47fc00a2c39e90264f33305004495a9","hash":"dff6ce882310f3961e66c153a457099c59262491"}
,"/Users/elenakolesnikova/Documents/Reactprojects/kenguru/src/tests/mock-server/handlers/nannies/index.js": {"path":"/Users/elenakolesnikova/Documents/Reactprojects/kenguru/src/tests/mock-server/handlers/nannies/index.js","statementMap":{"0":{"start":{"line":4,"column":24},"end":{"line":8,"column":1}},"1":{"start":{"line":6,"column":4},"end":{"line":6,"column":35}}},"fnMap":{"0":{"name":"(anonymous_0)","decl":{"start":{"line":5,"column":45},"end":{"line":5,"column":46}},"loc":{"start":{"line":5,"column":51},"end":{"line":7,"column":3}},"line":5}},"branchMap":{},"s":{"0":1,"1":1},"f":{"0":1},"b":{},"_coverageSchema":"1a1c01bbd47fc00a2c39e90264f33305004495a9","hash":"dbd6a548ff8ad0a855bf2961f4e82fed14f4e642"}
}
